<?xml version="1.0" encoding="UTF-8"?>
<!-- Generated by org.testng.reporters.JUnitReportReporter -->
<testsuite skipped="0" hostname="TYSS-TR-0022" name="com.crm.customer.CustomerTest" tests="3" failures="0" timestamp="24 Apr 2018 10:38:30 GMT" time="0.034" errors="0">
  <testcase name="createTest" time="0.034" classname="com.crm.customer.CustomerTest"/>
  <testcase name="searchCustomer" time="0.000" classname="com.crm.customer.CustomerTest"/>
  <testcase name="deleteCustomer" time="0.000" classname="com.crm.customer.CustomerTest"/>
</testsuite> <!-- com.crm.customer.CustomerTest -->
